 ~/repos/java/src/github.com/krisztianbenda/swsv_labs/Tutorial_Maven   lab4 ✚ ● ?  mvn test                                                                                             ✔  5942  14:42:10
[INFO] Scanning for projects...
[INFO] 
[INFO] ----------------< org.evosuite.tutorial:Tutorial_Maven >----------------
[INFO] Building Tutorial_Maven 1.0-SNAPSHOT
[INFO] --------------------------------[ jar ]---------------------------------
[INFO] 
[INFO] --- maven-resources-plugin:2.6:resources (default-resources) @ Tutorial_Maven ---
[INFO] Using 'UTF-8' encoding to copy filtered resources.
[INFO] skip non existing resourceDirectory /Users/krisztian/repos/java/src/github.com/krisztianbenda/swsv_labs/Tutorial_Maven/src/main/resources
[INFO] 
[INFO] --- maven-compiler-plugin:3.1:compile (default-compile) @ Tutorial_Maven ---
[INFO] Changes detected - recompiling the module!
[INFO] Compiling 4 source files to /Users/krisztian/repos/java/src/github.com/krisztianbenda/swsv_labs/Tutorial_Maven/target/classes
[WARNING] /Users/krisztian/repos/java/src/github.com/krisztianbenda/swsv_labs/Tutorial_Maven/src/main/java/tutorial/Stack.java: Some input files use unchecked or unsafe operations.
[WARNING] /Users/krisztian/repos/java/src/github.com/krisztianbenda/swsv_labs/Tutorial_Maven/src/main/java/tutorial/Stack.java: Recompile with -Xlint:unchecked for details.
[INFO] 
[INFO] --- maven-resources-plugin:2.6:testResources (default-testResources) @ Tutorial_Maven ---
[INFO] Using 'UTF-8' encoding to copy filtered resources.
[INFO] skip non existing resourceDirectory /Users/krisztian/repos/java/src/github.com/krisztianbenda/swsv_labs/Tutorial_Maven/src/test/resources
[INFO] 
[INFO] --- maven-compiler-plugin:3.1:testCompile (default-testCompile) @ Tutorial_Maven ---
[INFO] Nothing to compile - all classes are up to date
[INFO] 
[INFO] --- maven-surefire-plugin:2.12.4:test (default-test) @ Tutorial_Maven ---
[INFO] Surefire report directory: /Users/krisztian/repos/java/src/github.com/krisztianbenda/swsv_labs/Tutorial_Maven/target/surefire-reports

-------------------------------------------------------
 T E S T S
-------------------------------------------------------
Running tutorial.StackTest
Tests run: 1, Failures: 0, Errors: 0, Skipped: 0, Time elapsed: 0.048 sec
Running tutorial.Node_ESTest
SLF4J: Failed to load class "org.slf4j.impl.StaticLoggerBinder".
SLF4J: Defaulting to no-operation (NOP) logger implementation
SLF4J: See http://www.slf4j.org/codes.html#StaticLoggerBinder for further details.
Tests run: 5, Failures: 1, Errors: 0, Skipped: 0, Time elapsed: 35.413 sec <<< FAILURE!
test1(tutorial.Node_ESTest)  Time elapsed: 0.007 sec  <<< FAILURE!
java.lang.AssertionError: expected:<LzdM>;:#IJSzfHNY&V/> but was:<null>
	at org.junit.Assert.fail(Assert.java:88)
	at org.junit.Assert.failNotEquals(Assert.java:834)
	at org.junit.Assert.assertEquals(Assert.java:118)
	at org.junit.Assert.assertEquals(Assert.java:144)
	at tutorial.Node_ESTest.test1(Node_ESTest.java:31)
	at sun.reflect.NativeMethodAccessorImpl.invoke0(Native Method)
	at sun.reflect.NativeMethodAccessorImpl.invoke(NativeMethodAccessorImpl.java:62)
	at sun.reflect.DelegatingMethodAccessorImpl.invoke(DelegatingMethodAccessorImpl.java:43)
	at java.lang.reflect.Method.invoke(Method.java:498)
	at org.junit.runners.model.FrameworkMethod$1.runReflectiveCall(FrameworkMethod.java:50)
	at org.junit.internal.runners.model.ReflectiveCallable.run(ReflectiveCallable.java:12)
	at org.junit.runners.model.FrameworkMethod.invokeExplosively(FrameworkMethod.java:47)
	at org.junit.internal.runners.statements.InvokeMethod.evaluate(InvokeMethod.java:17)
	at org.junit.internal.runners.statements.FailOnTimeout$CallableStatement.call(FailOnTimeout.java:298)
	at org.junit.internal.runners.statements.FailOnTimeout$CallableStatement.call(FailOnTimeout.java:292)
	at java.util.concurrent.FutureTask.run(FutureTask.java:266)
	at java.lang.Thread.run(Thread.java:748)


Results :

Failed tests:   test1(tutorial.Node_ESTest): expected:<LzdM>;:#IJSzfHNY&V/> but was:<null>

Tests run: 6, Failures: 1, Errors: 0, Skipped: 0

[INFO] ------------------------------------------------------------------------
[INFO] BUILD FAILURE
[INFO] ------------------------------------------------------------------------
[INFO] Total time: 37.155 s
[INFO] Finished at: 2018-10-18T14:49:44+02:00
[INFO] ------------------------------------------------------------------------
[ERROR] Failed to execute goal org.apache.maven.plugins:maven-surefire-plugin:2.12.4:test (default-test) on project Tutorial_Maven: There are test failures.
[ERROR] 
[ERROR] Please refer to /Users/krisztian/repos/java/src/github.com/krisztianbenda/swsv_labs/Tutorial_Maven/target/surefire-reports for the individual test results.
[ERROR] -> [Help 1]
[ERROR] 
[ERROR] To see the full stack trace of the errors, re-run Maven with the -e switch.
[ERROR] Re-run Maven using the -X switch to enable full debug logging.
[ERROR] 
[ERROR] For more information about the errors and possible solutions, please read the following articles:
[ERROR] [Help 1] http://cwiki.apache.org/confluence/display/MAVEN/MojoFailureException
COMMENT: something went wrong with the EvoSuite generation, because it has generated only test for the Node class without any error message. So I've put a bug in the Node class.

