<?xml version="1.0" encoding="UTF-8" ?>
<testsuite tests="5" failures="1" name="tutorial.Node_ESTest" time="0.032" errors="0" skipped="0">
  <properties>
[...]
</properties>
  <testcase classname="tutorial.Node_ESTest" name="test0" time="0.007"/>
  <testcase classname="tutorial.Node_ESTest" name="test1" time="0.007">
    <failure message="expected:&lt;LzdM&gt;;:#IJSzfHNY&amp;V/&gt; but was:&lt;null&gt;" type="java.lang.AssertionError">java.lang.AssertionError: expected:&lt;LzdM&gt;;:#IJSzfHNY&amp;V/&gt; but was:&lt;null&gt;
	at org.junit.Assert.fail(Assert.java:88)
	at org.junit.Assert.failNotEquals(Assert.java:834)
	at org.junit.Assert.assertEquals(Assert.java:118)
	at org.junit.Assert.assertEquals(Assert.java:144)
	at tutorial.Node_ESTest.test1(Node_ESTest.java:31)
	at sun.reflect.NativeMethodAccessorImpl.invoke0(Native Method)
	at sun.reflect.NativeMethodAccessorImpl.invoke(NativeMethodAccessorImpl.java:62)
	at sun.reflect.DelegatingMethodAccessorImpl.invoke(DelegatingMethodAccessorImpl.java:43)
	at java.lang.reflect.Method.invoke(Method.java:498)
	at org.junit.runners.model.FrameworkMethod$1.runReflectiveCall(FrameworkMethod.java:50)
	at org.junit.internal.runners.model.ReflectiveCallable.run(ReflectiveCallable.java:12)
	at org.junit.runners.model.FrameworkMethod.invokeExplosively(FrameworkMethod.java:47)
	at org.junit.internal.runners.statements.InvokeMethod.evaluate(InvokeMethod.java:17)
	at org.junit.internal.runners.statements.FailOnTimeout$CallableStatement.call(FailOnTimeout.java:298)
	at org.junit.internal.runners.statements.FailOnTimeout$CallableStatement.call(FailOnTimeout.java:292)
	at java.util.concurrent.FutureTask.run(FutureTask.java:266)
	at java.lang.Thread.run(Thread.java:748)
</failure>
  </testcase>
  <testcase classname="tutorial.Node_ESTest" name="test4" time="0.002"/>
  <testcase classname="tutorial.Node_ESTest" name="test2" time="0.002"/>
  <testcase classname="tutorial.Node_ESTest" name="test3" time="0.014"/>
</testsuite>